<?xml version="1.0" encoding="UTF-8"?>
<testng-results ignored="0" total="1" passed="1" failed="0" skipped="0">
  <reporter-output>
  </reporter-output>
  <suite started-at="2023-07-22T15:12:27 IST" name="Default suite" finished-at="2023-07-22T15:12:35 IST" duration-ms="7773">
    <groups>
    </groups>
    <test started-at="2023-07-22T15:12:27 IST" name="Default test" finished-at="2023-07-22T15:12:35 IST" duration-ms="7773">
      <class name="Admin.Test.test">
        <test-method signature="SiteLogin()[pri:0, instance:Admin.Test.test@74ad8d05]" started-at="2023-07-22T15:12:27 IST" name="SiteLogin" finished-at="2023-07-22T15:12:35 IST" duration-ms="7730" status="PASS">
          <reporter-output>
          </reporter-output>
        </test-method> <!-- SiteLogin -->
      </class> <!-- Admin.Test.test -->
    </test> <!-- Default test -->
  </suite> <!-- Default suite -->
</testng-results>
