<?xml version="1.0" encoding="UTF-8"?>
<testng-results ignored="0" total="1" passed="1" failed="0" skipped="0">
  <reporter-output>
  </reporter-output>
  <suite started-at="2023-08-04T00:14:17 IST" name="Default suite" finished-at="2023-08-04T00:14:26 IST" duration-ms="8878">
    <groups>
    </groups>
    <test started-at="2023-08-04T00:14:17 IST" name="Default test" finished-at="2023-08-04T00:14:26 IST" duration-ms="8878">
      <class name="Admin.Test.test">
        <test-method is-config="true" signature="report()[pri:0, instance:Admin.Test.test@2bc9a775]" started-at="2023-08-04T00:14:17 IST" name="report" finished-at="2023-08-04T00:14:17 IST" duration-ms="186" status="PASS">
          <reporter-output>
          </reporter-output>
        </test-method> <!-- report -->
        <test-method signature="SiteLogin()[pri:0, instance:Admin.Test.test@2bc9a775]" started-at="2023-08-04T00:14:17 IST" name="SiteLogin" finished-at="2023-08-04T00:14:25 IST" duration-ms="8413" status="PASS">
          <reporter-output>
          </reporter-output>
        </test-method> <!-- SiteLogin -->
        <test-method is-config="true" signature="tearDown()[pri:0, instance:Admin.Test.test@2bc9a775]" started-at="2023-08-04T00:14:25 IST" name="tearDown" finished-at="2023-08-04T00:14:26 IST" duration-ms="234" status="PASS">
          <reporter-output>
          </reporter-output>
        </test-method> <!-- tearDown -->
      </class> <!-- Admin.Test.test -->
    </test> <!-- Default test -->
  </suite> <!-- Default suite -->
</testng-results>
